<?xml version="1.0" encoding="UTF-8"?>
<!-- Generated by org.testng.reporters.JUnitReportReporter -->
<testsuite skipped="0" hostname="Vipil" name="com.mystore.testcases.RegistrationTest" tests="1" failures="0" timestamp="2023-06-25T17:16:56 IST" time="1.945" errors="0">
  <testcase name="verifyLogin" time="1.945" classname="com.mystore.testcases.RegistrationTest"/>
  <system-out/>
</testsuite> <!-- com.mystore.testcases.RegistrationTest -->
